<?xml version="1.0" encoding="UTF-8"?>
<!-- Generated by org.testng.reporters.JUnitReportReporter -->
<testsuite skipped="0" hostname="ISCHDESKHP15064" name="TestNGPractice.TestNGPractice.NewTest" tests="2" failures="0" timestamp="11 Sep 2018 14:05:32 GMT" time="22.498" errors="0">
  <testcase name="LoginTest" time="4.986" classname="TestNGPractice.TestNGPractice.NewTest"/>
  <testcase name="SelectCasualDress" time="17.512" classname="TestNGPractice.TestNGPractice.NewTest"/>
</testsuite> <!-- TestNGPractice.TestNGPractice.NewTest -->
